c:\users\vl6d9\source\repos\polska\polska\debug\vc142.pdb
c:\users\vl6d9\source\repos\polska\polska\debug\vc142.idb
c:\users\vl6d9\source\repos\polska\polska\debug\polska.obj
c:\users\vl6d9\source\repos\polska\polska\debug\calcexpression.obj
c:\users\vl6d9\source\repos\polska\polska\debug\main.obj
c:\users\vl6d9\source\repos\polska\polska\debug\strtonotation.obj
c:\users\vl6d9\source\repos\polska\polska\debug\getnotation.obj
c:\users\vl6d9\source\repos\polska\polska\debug\strtovector.obj
c:\users\vl6d9\source\repos\polska\polska\debug\vectortonotation.obj
c:\users\vl6d9\source\repos\polska\debug\polska.exe
c:\users\vl6d9\source\repos\polska\debug\polska.ilk
c:\users\vl6d9\source\repos\polska\debug\polska.pdb
c:\users\vl6d9\source\repos\polska\polska\debug\main.obj.enc
c:\users\vl6d9\source\repos\polska\polska\debug\polska.tlog\cl.command.1.tlog
c:\users\vl6d9\source\repos\polska\polska\debug\polska.tlog\cl.read.1.tlog
c:\users\vl6d9\source\repos\polska\polska\debug\polska.tlog\cl.write.1.tlog
c:\users\vl6d9\source\repos\polska\polska\debug\polska.tlog\link.command.1.tlog
c:\users\vl6d9\source\repos\polska\polska\debug\polska.tlog\link.read.1.tlog
c:\users\vl6d9\source\repos\polska\polska\debug\polska.tlog\link.write.1.tlog
c:\users\vl6d9\source\repos\polska\polska\debug\polska.tlog\rc.command.1.tlog
c:\users\vl6d9\source\repos\polska\polska\debug\polska.tlog\rc.read.1.tlog
c:\users\vl6d9\source\repos\polska\polska\debug\polska.tlog\rc.write.1.tlog
